Start testing: Dec 05 01:59 CET
----------------------------------------------------------
1/1 Testing: boostUnitTestsRun
1/1 Test: boostUnitTestsRun
Command: "/Users/bartoszcybulski/Documents/Informatyka WEITI Materiały /Semestr_3/Algorytmy i Struktury Danych/Lab/Mapy/cmake-build-debug/tests/aisdiMapsTests"
Directory: /Users/bartoszcybulski/Documents/Informatyka WEITI Materiały /Semestr_3/Algorytmy i Struktury Danych/Lab/Mapy/cmake-build-debug/tests
"boostUnitTestsRun" start time: Dec 05 01:59 CET
Output:
----------------------------------------------------------
Running 3 test cases...

*** No errors detected
<end of output>
Test time =   0.02 sec
----------------------------------------------------------
Test Passed.
"boostUnitTestsRun" end time: Dec 05 01:59 CET
"boostUnitTestsRun" time elapsed: 00:00:00
----------------------------------------------------------

End testing: Dec 05 01:59 CET
