Start testing: Dec 05 00:25 CET
----------------------------------------------------------
1/1 Testing: boostUnitTestsRun
1/1 Test: boostUnitTestsRun
Command: "/Users/bartoszcybulski/Documents/Informatyka WEITI Materiały /Semestr_3/Algorytmy i Struktury Danych/Lab/Mapy/Debug/tests/aisdiMapsTests"
Directory: /Users/bartoszcybulski/Documents/Informatyka WEITI Materiały /Semestr_3/Algorytmy i Struktury Danych/Lab/Mapy/Debug/tests
"boostUnitTestsRun" start time: Dec 05 00:25 CET
Output:
----------------------------------------------------------
Test setup error: test tree is empty
<end of output>
Test time =   0.01 sec
----------------------------------------------------------
Test Failed.
"boostUnitTestsRun" end time: Dec 05 00:25 CET
"boostUnitTestsRun" time elapsed: 00:00:00
----------------------------------------------------------

End testing: Dec 05 00:25 CET
